<?xml version="1.0" encoding="UTF-8"?>
<testng-results ignored="0" total="10" passed="5" failed="4" skipped="1">
  <reporter-output>
  </reporter-output>
  <suite started-at="2020-11-13T13:21:17 IST" name="Default suite" finished-at="2020-11-13T13:22:57 IST" duration-ms="100406">
    <groups>
    </groups>
    <test started-at="2020-11-13T13:21:17 IST" name="Default test" finished-at="2020-11-13T13:22:57 IST" duration-ms="100406">
      <class name="com.jbk.test.OperatorPageTestCases">
        <test-method is-config="true" signature="createnode()[pri:0, instance:com.jbk.test.OperatorPageTestCases@3514a4c0]" started-at="2020-11-13T13:21:17 IST" name="createnode" finished-at="2020-11-13T13:21:17 IST" duration-ms="13" status="PASS">
          <reporter-output>
          </reporter-output>
        </test-method> <!-- createnode -->
        <test-method is-config="true" signature="openBrowser()[pri:0, instance:com.jbk.test.OperatorPageTestCases@3514a4c0]" started-at="2020-11-13T13:21:17 IST" name="openBrowser" finished-at="2020-11-13T13:21:29 IST" duration-ms="12571" status="PASS">
          <reporter-output>
          </reporter-output>
        </test-method> <!-- openBrowser -->
        <test-method signature="verifyPageHeading()[pri:1, instance:com.jbk.test.OperatorPageTestCases@3514a4c0]" started-at="2020-11-13T13:21:29 IST" name="verifyPageHeading" finished-at="2020-11-13T13:21:30 IST" duration-ms="864" status="PASS">
          <reporter-output>
          </reporter-output>
        </test-method> <!-- verifyPageHeading -->
        <test-method is-config="true" signature="closeBrowser()[pri:0, instance:com.jbk.test.OperatorPageTestCases@3514a4c0]" started-at="2020-11-13T13:21:30 IST" name="closeBrowser" finished-at="2020-11-13T13:21:34 IST" duration-ms="4136" status="PASS">
          <reporter-output>
          </reporter-output>
        </test-method> <!-- closeBrowser -->
        <test-method is-config="true" signature="openBrowser()[pri:0, instance:com.jbk.test.OperatorPageTestCases@3514a4c0]" started-at="2020-11-13T13:21:34 IST" name="openBrowser" finished-at="2020-11-13T13:21:46 IST" duration-ms="11724" status="PASS">
          <reporter-output>
          </reporter-output>
        </test-method> <!-- openBrowser -->
        <test-method signature="verifyTableHeaderCount()[pri:2, instance:com.jbk.test.OperatorPageTestCases@3514a4c0]" started-at="2020-11-13T13:21:46 IST" name="verifyTableHeaderCount" finished-at="2020-11-13T13:21:46 IST" duration-ms="424" status="PASS">
          <reporter-output>
          </reporter-output>
        </test-method> <!-- verifyTableHeaderCount -->
        <test-method is-config="true" signature="closeBrowser()[pri:0, instance:com.jbk.test.OperatorPageTestCases@3514a4c0]" started-at="2020-11-13T13:21:46 IST" name="closeBrowser" finished-at="2020-11-13T13:21:46 IST" duration-ms="114" status="PASS">
          <reporter-output>
          </reporter-output>
        </test-method> <!-- closeBrowser -->
        <test-method signature="verifyTableHeaders(java.lang.String, java.lang.String, java.lang.String, java.lang.String, java.lang.String, java.lang.String)[pri:3, instance:com.jbk.test.OperatorPageTestCases@3514a4c0]" started-at="2020-11-13T13:21:47 IST" name="verifyTableHeaders" data-provider="getHeaderData" finished-at="2020-11-13T13:21:47 IST" duration-ms="0" status="SKIP">
          <exception class="java.lang.RuntimeException">
            <message>
              <![CDATA[java.io.FileNotFoundException: C:\Users\OC\eclipse-workspace\FinalPro\src\main\resources\utility\OperatorPage.xls (The system cannot find the path specified)]]>
            </message>
            <full-stacktrace>
              <![CDATA[java.lang.RuntimeException: java.io.FileNotFoundException: C:\Users\OC\eclipse-workspace\FinalPro\src\main\resources\utility\OperatorPage.xls (The system cannot find the path specified)
at org.testng.internal.MethodInvocationHelper.invokeMethodNoCheckedException(MethodInvocationHelper.java:49)
at org.testng.internal.MethodInvocationHelper.invokeDataProvider(MethodInvocationHelper.java:145)
at org.testng.internal.Parameters.handleParameters(Parameters.java:797)
at org.testng.internal.Parameters.handleParameters(Parameters.java:740)
at org.testng.internal.ParameterHandler.handleParameters(ParameterHandler.java:59)
at org.testng.internal.ParameterHandler.createParameters(ParameterHandler.java:38)
at org.testng.internal.TestInvoker$MethodInvocationAgent.invoke(TestInvoker.java:789)
at org.testng.internal.TestInvoker.invokeTestMethods(TestInvoker.java:147)
at org.testng.internal.TestMethodWorker.invokeTestMethods(TestMethodWorker.java:146)
at org.testng.internal.TestMethodWorker.run(TestMethodWorker.java:128)
at java.base/java.util.ArrayList.forEach(ArrayList.java:1511)
at org.testng.TestRunner.privateRun(TestRunner.java:764)
at org.testng.TestRunner.run(TestRunner.java:585)
at org.testng.SuiteRunner.runTest(SuiteRunner.java:384)
at org.testng.SuiteRunner.runSequentially(SuiteRunner.java:378)
at org.testng.SuiteRunner.privateRun(SuiteRunner.java:337)
at org.testng.SuiteRunner.run(SuiteRunner.java:286)
at org.testng.SuiteRunnerWorker.runSuite(SuiteRunnerWorker.java:53)
at org.testng.SuiteRunnerWorker.run(SuiteRunnerWorker.java:96)
at org.testng.TestNG.runSuitesSequentially(TestNG.java:1218)
at org.testng.TestNG.runSuitesLocally(TestNG.java:1140)
at org.testng.TestNG.runSuites(TestNG.java:1069)
at org.testng.TestNG.run(TestNG.java:1037)
at org.testng.remote.AbstractRemoteTestNG.run(AbstractRemoteTestNG.java:115)
at org.testng.remote.RemoteTestNG.initAndRun(RemoteTestNG.java:251)
at org.testng.remote.RemoteTestNG.main(RemoteTestNG.java:77)
Caused by: java.io.FileNotFoundException: C:\Users\OC\eclipse-workspace\FinalPro\src\main\resources\utility\OperatorPage.xls (The system cannot find the path specified)
at java.base/java.io.FileInputStream.open0(Native Method)
at java.base/java.io.FileInputStream.open(FileInputStream.java:211)
at java.base/java.io.FileInputStream.<init>(FileInputStream.java:153)
at java.base/java.io.FileInputStream.<init>(FileInputStream.java:108)
at com.jbk.utility.ExcelUtilty.excelData(ExcelUtilty.java:17)
at com.jbk.utility.OperatorPageDataProvider.getHeaderData(OperatorPageDataProvider.java:24)
at java.base/jdk.internal.reflect.NativeMethodAccessorImpl.invoke0(Native Method)
at java.base/jdk.internal.reflect.NativeMethodAccessorImpl.invoke(NativeMethodAccessorImpl.java:64)
at java.base/jdk.internal.reflect.DelegatingMethodAccessorImpl.invoke(DelegatingMethodAccessorImpl.java:43)
at java.base/java.lang.reflect.Method.invoke(Method.java:564)
at org.testng.internal.MethodInvocationHelper.invokeMethod(MethodInvocationHelper.java:132)
at org.testng.internal.MethodInvocationHelper.invokeMethod(MethodInvocationHelper.java:76)
at org.testng.internal.MethodInvocationHelper.invokeMethodNoCheckedException(MethodInvocationHelper.java:45)
... 25 more
]]>
            </full-stacktrace>
          </exception> <!-- java.lang.RuntimeException -->
          <reporter-output>
          </reporter-output>
        </test-method> <!-- verifyTableHeaders -->
        <test-method is-config="true" signature="openBrowser()[pri:0, instance:com.jbk.test.OperatorPageTestCases@3514a4c0]" started-at="2020-11-13T13:21:47 IST" name="openBrowser" finished-at="2020-11-13T13:21:56 IST" duration-ms="9155" status="PASS">
          <reporter-output>
          </reporter-output>
        </test-method> <!-- openBrowser -->
        <test-method signature="validateMobileNoSize()[pri:4, instance:com.jbk.test.OperatorPageTestCases@3514a4c0]" started-at="2020-11-13T13:21:56 IST" name="validateMobileNoSize" finished-at="2020-11-13T13:21:56 IST" duration-ms="679" status="PASS">
          <reporter-output>
          </reporter-output>
        </test-method> <!-- validateMobileNoSize -->
        <test-method is-config="true" signature="closeBrowser()[pri:0, instance:com.jbk.test.OperatorPageTestCases@3514a4c0]" started-at="2020-11-13T13:21:56 IST" name="closeBrowser" finished-at="2020-11-13T13:21:57 IST" duration-ms="158" status="PASS">
          <reporter-output>
          </reporter-output>
        </test-method> <!-- closeBrowser -->
        <test-method is-config="true" signature="openBrowser()[pri:0, instance:com.jbk.test.OperatorPageTestCases@3514a4c0]" started-at="2020-11-13T13:21:57 IST" name="openBrowser" finished-at="2020-11-13T13:22:08 IST" duration-ms="10996" status="PASS">
          <reporter-output>
          </reporter-output>
        </test-method> <!-- openBrowser -->
        <test-method signature="verifyPageHeader()[pri:5, instance:com.jbk.test.OperatorPageTestCases@3514a4c0]" started-at="2020-11-13T13:22:08 IST" name="verifyPageHeader" finished-at="2020-11-13T13:22:08 IST" duration-ms="67" status="PASS">
          <reporter-output>
          </reporter-output>
        </test-method> <!-- verifyPageHeader -->
        <test-method is-config="true" signature="closeBrowser()[pri:0, instance:com.jbk.test.OperatorPageTestCases@3514a4c0]" started-at="2020-11-13T13:22:08 IST" name="closeBrowser" finished-at="2020-11-13T13:22:08 IST" duration-ms="158" status="PASS">
          <reporter-output>
          </reporter-output>
        </test-method> <!-- closeBrowser -->
        <test-method is-config="true" signature="openBrowser()[pri:0, instance:com.jbk.test.OperatorPageTestCases@3514a4c0]" started-at="2020-11-13T13:22:08 IST" name="openBrowser" finished-at="2020-11-13T13:22:17 IST" duration-ms="9183" status="PASS">
          <reporter-output>
          </reporter-output>
        </test-method> <!-- openBrowser -->
        <test-method signature="verifyTableHeading()[pri:6, instance:com.jbk.test.OperatorPageTestCases@3514a4c0]" started-at="2020-11-13T13:22:17 IST" name="verifyTableHeading" finished-at="2020-11-13T13:22:17 IST" duration-ms="50" status="FAIL">
          <exception class="java.lang.AssertionError">
            <message>
              <![CDATA[expected [true] but found [false]]]>
            </message>
            <full-stacktrace>
              <![CDATA[java.lang.AssertionError: expected [true] but found [false]
at org.testng.Assert.fail(Assert.java:99)
at org.testng.Assert.failNotEquals(Assert.java:1037)
at org.testng.Assert.assertTrue(Assert.java:45)
at org.testng.Assert.assertTrue(Assert.java:55)
at com.jbk.test.OperatorPageTestCases.verifyTableHeading(OperatorPageTestCases.java:93)
at java.base/jdk.internal.reflect.NativeMethodAccessorImpl.invoke0(Native Method)
at java.base/jdk.internal.reflect.NativeMethodAccessorImpl.invoke(NativeMethodAccessorImpl.java:64)
at java.base/jdk.internal.reflect.DelegatingMethodAccessorImpl.invoke(DelegatingMethodAccessorImpl.java:43)
at java.base/java.lang.reflect.Method.invoke(Method.java:564)
at org.testng.internal.MethodInvocationHelper.invokeMethod(MethodInvocationHelper.java:132)
at org.testng.internal.TestInvoker.invokeMethod(TestInvoker.java:599)
at org.testng.internal.TestInvoker.invokeTestMethod(TestInvoker.java:174)
at org.testng.internal.MethodRunner.runInSequence(MethodRunner.java:46)
at org.testng.internal.TestInvoker$MethodInvocationAgent.invoke(TestInvoker.java:822)
at org.testng.internal.TestInvoker.invokeTestMethods(TestInvoker.java:147)
at org.testng.internal.TestMethodWorker.invokeTestMethods(TestMethodWorker.java:146)
at org.testng.internal.TestMethodWorker.run(TestMethodWorker.java:128)
at java.base/java.util.ArrayList.forEach(ArrayList.java:1511)
at org.testng.TestRunner.privateRun(TestRunner.java:764)
at org.testng.TestRunner.run(TestRunner.java:585)
at org.testng.SuiteRunner.runTest(SuiteRunner.java:384)
at org.testng.SuiteRunner.runSequentially(SuiteRunner.java:378)
at org.testng.SuiteRunner.privateRun(SuiteRunner.java:337)
at org.testng.SuiteRunner.run(SuiteRunner.java:286)
at org.testng.SuiteRunnerWorker.runSuite(SuiteRunnerWorker.java:53)
at org.testng.SuiteRunnerWorker.run(SuiteRunnerWorker.java:96)
at org.testng.TestNG.runSuitesSequentially(TestNG.java:1218)
at org.testng.TestNG.runSuitesLocally(TestNG.java:1140)
at org.testng.TestNG.runSuites(TestNG.java:1069)
at org.testng.TestNG.run(TestNG.java:1037)
at org.testng.remote.AbstractRemoteTestNG.run(AbstractRemoteTestNG.java:115)
at org.testng.remote.RemoteTestNG.initAndRun(RemoteTestNG.java:251)
at org.testng.remote.RemoteTestNG.main(RemoteTestNG.java:77)
]]>
            </full-stacktrace>
          </exception> <!-- java.lang.AssertionError -->
          <reporter-output>
          </reporter-output>
        </test-method> <!-- verifyTableHeading -->
        <test-method is-config="true" signature="closeBrowser()[pri:0, instance:com.jbk.test.OperatorPageTestCases@3514a4c0]" started-at="2020-11-13T13:22:17 IST" name="closeBrowser" finished-at="2020-11-13T13:22:17 IST" duration-ms="143" status="PASS">
          <reporter-output>
          </reporter-output>
        </test-method> <!-- closeBrowser -->
        <test-method is-config="true" signature="openBrowser()[pri:0, instance:com.jbk.test.OperatorPageTestCases@3514a4c0]" started-at="2020-11-13T13:22:17 IST" name="openBrowser" finished-at="2020-11-13T13:22:26 IST" duration-ms="8995" status="PASS">
          <reporter-output>
          </reporter-output>
        </test-method> <!-- openBrowser -->
        <test-method signature="validateTableHeader()[pri:7, instance:com.jbk.test.OperatorPageTestCases@3514a4c0]" started-at="2020-11-13T13:22:26 IST" name="validateTableHeader" finished-at="2020-11-13T13:22:26 IST" duration-ms="138" status="FAIL">
          <exception class="java.io.FileNotFoundException">
            <message>
              <![CDATA[D:\ProjectJBK\11.30BatchOfflineWebsite\taskProjectPOMofflineWebsite\src\main\java\utility\OperatorPage.xls (The system cannot find the path specified)]]>
            </message>
            <full-stacktrace>
              <![CDATA[java.io.FileNotFoundException: D:\ProjectJBK\11.30BatchOfflineWebsite\taskProjectPOMofflineWebsite\src\main\java\utility\OperatorPage.xls (The system cannot find the path specified)
at java.base/java.io.FileInputStream.open0(Native Method)
at java.base/java.io.FileInputStream.open(FileInputStream.java:211)
at java.base/java.io.FileInputStream.<init>(FileInputStream.java:153)
at java.base/java.io.FileInputStream.<init>(FileInputStream.java:108)
at com.jbk.utility.ExcelUtilty.excelData(ExcelUtilty.java:17)
at com.jbk.pages.OperatorPage.isValidTableHeader(OperatorPage.java:99)
at com.jbk.test.OperatorPageTestCases.validateTableHeader(OperatorPageTestCases.java:100)
at java.base/jdk.internal.reflect.NativeMethodAccessorImpl.invoke0(Native Method)
at java.base/jdk.internal.reflect.NativeMethodAccessorImpl.invoke(NativeMethodAccessorImpl.java:64)
at java.base/jdk.internal.reflect.DelegatingMethodAccessorImpl.invoke(DelegatingMethodAccessorImpl.java:43)
at java.base/java.lang.reflect.Method.invoke(Method.java:564)
at org.testng.internal.MethodInvocationHelper.invokeMethod(MethodInvocationHelper.java:132)
at org.testng.internal.TestInvoker.invokeMethod(TestInvoker.java:599)
at org.testng.internal.TestInvoker.invokeTestMethod(TestInvoker.java:174)
at org.testng.internal.MethodRunner.runInSequence(MethodRunner.java:46)
at org.testng.internal.TestInvoker$MethodInvocationAgent.invoke(TestInvoker.java:822)
at org.testng.internal.TestInvoker.invokeTestMethods(TestInvoker.java:147)
at org.testng.internal.TestMethodWorker.invokeTestMethods(TestMethodWorker.java:146)
at org.testng.internal.TestMethodWorker.run(TestMethodWorker.java:128)
at java.base/java.util.ArrayList.forEach(ArrayList.java:1511)
at org.testng.TestRunner.privateRun(TestRunner.java:764)
at org.testng.TestRunner.run(TestRunner.java:585)
at org.testng.SuiteRunner.runTest(SuiteRunner.java:384)
at org.testng.SuiteRunner.runSequentially(SuiteRunner.java:378)
at org.testng.SuiteRunner.privateRun(SuiteRunner.java:337)
at org.testng.SuiteRunner.run(SuiteRunner.java:286)
at org.testng.SuiteRunnerWorker.runSuite(SuiteRunnerWorker.java:53)
at org.testng.SuiteRunnerWorker.run(SuiteRunnerWorker.java:96)
at org.testng.TestNG.runSuitesSequentially(TestNG.java:1218)
at org.testng.TestNG.runSuitesLocally(TestNG.java:1140)
at org.testng.TestNG.runSuites(TestNG.java:1069)
at org.testng.TestNG.run(TestNG.java:1037)
at org.testng.remote.AbstractRemoteTestNG.run(AbstractRemoteTestNG.java:115)
at org.testng.remote.RemoteTestNG.initAndRun(RemoteTestNG.java:251)
at org.testng.remote.RemoteTestNG.main(RemoteTestNG.java:77)
]]>
            </full-stacktrace>
          </exception> <!-- java.io.FileNotFoundException -->
          <reporter-output>
          </reporter-output>
        </test-method> <!-- validateTableHeader -->
        <test-method is-config="true" signature="closeBrowser()[pri:0, instance:com.jbk.test.OperatorPageTestCases@3514a4c0]" started-at="2020-11-13T13:22:26 IST" name="closeBrowser" finished-at="2020-11-13T13:22:26 IST" duration-ms="126" status="PASS">
          <reporter-output>
          </reporter-output>
        </test-method> <!-- closeBrowser -->
        <test-method is-config="true" signature="openBrowser()[pri:0, instance:com.jbk.test.OperatorPageTestCases@3514a4c0]" started-at="2020-11-13T13:22:26 IST" name="openBrowser" finished-at="2020-11-13T13:22:36 IST" duration-ms="9412" status="PASS">
          <reporter-output>
          </reporter-output>
        </test-method> <!-- openBrowser -->
        <test-method signature="validateTableData()[pri:8, instance:com.jbk.test.OperatorPageTestCases@3514a4c0]" started-at="2020-11-13T13:22:36 IST" name="validateTableData" finished-at="2020-11-13T13:22:36 IST" duration-ms="580" status="FAIL">
          <exception class="java.io.FileNotFoundException">
            <message>
              <![CDATA[D:\ProjectJBK\11.30BatchOfflineWebsite\taskProjectPOMofflineWebsite\src\main\java\utility\OperatorPage.xls (The system cannot find the path specified)]]>
            </message>
            <full-stacktrace>
              <![CDATA[java.io.FileNotFoundException: D:\ProjectJBK\11.30BatchOfflineWebsite\taskProjectPOMofflineWebsite\src\main\java\utility\OperatorPage.xls (The system cannot find the path specified)
at java.base/java.io.FileInputStream.open0(Native Method)
at java.base/java.io.FileInputStream.open(FileInputStream.java:211)
at java.base/java.io.FileInputStream.<init>(FileInputStream.java:153)
at java.base/java.io.FileInputStream.<init>(FileInputStream.java:108)
at com.jbk.utility.ExcelUtilty.excelData(ExcelUtilty.java:17)
at com.jbk.pages.OperatorPage.isValidTableData(OperatorPage.java:109)
at com.jbk.test.OperatorPageTestCases.validateTableData(OperatorPageTestCases.java:107)
at java.base/jdk.internal.reflect.NativeMethodAccessorImpl.invoke0(Native Method)
at java.base/jdk.internal.reflect.NativeMethodAccessorImpl.invoke(NativeMethodAccessorImpl.java:64)
at java.base/jdk.internal.reflect.DelegatingMethodAccessorImpl.invoke(DelegatingMethodAccessorImpl.java:43)
at java.base/java.lang.reflect.Method.invoke(Method.java:564)
at org.testng.internal.MethodInvocationHelper.invokeMethod(MethodInvocationHelper.java:132)
at org.testng.internal.TestInvoker.invokeMethod(TestInvoker.java:599)
at org.testng.internal.TestInvoker.invokeTestMethod(TestInvoker.java:174)
at org.testng.internal.MethodRunner.runInSequence(MethodRunner.java:46)
at org.testng.internal.TestInvoker$MethodInvocationAgent.invoke(TestInvoker.java:822)
at org.testng.internal.TestInvoker.invokeTestMethods(TestInvoker.java:147)
at org.testng.internal.TestMethodWorker.invokeTestMethods(TestMethodWorker.java:146)
at org.testng.internal.TestMethodWorker.run(TestMethodWorker.java:128)
at java.base/java.util.ArrayList.forEach(ArrayList.java:1511)
at org.testng.TestRunner.privateRun(TestRunner.java:764)
at org.testng.TestRunner.run(TestRunner.java:585)
at org.testng.SuiteRunner.runTest(SuiteRunner.java:384)
at org.testng.SuiteRunner.runSequentially(SuiteRunner.java:378)
at org.testng.SuiteRunner.privateRun(SuiteRunner.java:337)
at org.testng.SuiteRunner.run(SuiteRunner.java:286)
at org.testng.SuiteRunnerWorker.runSuite(SuiteRunnerWorker.java:53)
at org.testng.SuiteRunnerWorker.run(SuiteRunnerWorker.java:96)
at org.testng.TestNG.runSuitesSequentially(TestNG.java:1218)
at org.testng.TestNG.runSuitesLocally(TestNG.java:1140)
at org.testng.TestNG.runSuites(TestNG.java:1069)
at org.testng.TestNG.run(TestNG.java:1037)
at org.testng.remote.AbstractRemoteTestNG.run(AbstractRemoteTestNG.java:115)
at org.testng.remote.RemoteTestNG.initAndRun(RemoteTestNG.java:251)
at org.testng.remote.RemoteTestNG.main(RemoteTestNG.java:77)
]]>
            </full-stacktrace>
          </exception> <!-- java.io.FileNotFoundException -->
          <reporter-output>
          </reporter-output>
        </test-method> <!-- validateTableData -->
        <test-method is-config="true" signature="closeBrowser()[pri:0, instance:com.jbk.test.OperatorPageTestCases@3514a4c0]" started-at="2020-11-13T13:22:36 IST" name="closeBrowser" finished-at="2020-11-13T13:22:37 IST" duration-ms="134" status="PASS">
          <reporter-output>
          </reporter-output>
        </test-method> <!-- closeBrowser -->
        <test-method is-config="true" signature="openBrowser()[pri:0, instance:com.jbk.test.OperatorPageTestCases@3514a4c0]" started-at="2020-11-13T13:22:37 IST" name="openBrowser" finished-at="2020-11-13T13:22:47 IST" duration-ms="10494" status="PASS">
          <reporter-output>
          </reporter-output>
        </test-method> <!-- openBrowser -->
        <test-method signature="validatePersonNames()[pri:9, instance:com.jbk.test.OperatorPageTestCases@3514a4c0]" started-at="2020-11-13T13:22:47 IST" name="validatePersonNames" finished-at="2020-11-13T13:22:47 IST" duration-ms="142" status="FAIL">
          <exception class="java.io.FileNotFoundException">
            <message>
              <![CDATA[D:\ProjectJBK\11.30BatchOfflineWebsite\taskProjectPOMofflineWebsite\src\main\java\utility\OperatorPage.xls (The system cannot find the path specified)]]>
            </message>
            <full-stacktrace>
              <![CDATA[java.io.FileNotFoundException: D:\ProjectJBK\11.30BatchOfflineWebsite\taskProjectPOMofflineWebsite\src\main\java\utility\OperatorPage.xls (The system cannot find the path specified)
at java.base/java.io.FileInputStream.open0(Native Method)
at java.base/java.io.FileInputStream.open(FileInputStream.java:211)
at java.base/java.io.FileInputStream.<init>(FileInputStream.java:153)
at java.base/java.io.FileInputStream.<init>(FileInputStream.java:108)
at com.jbk.utility.ExcelUtilty.excelData(ExcelUtilty.java:17)
at com.jbk.pages.OperatorPage.isValidPersonNames(OperatorPage.java:118)
at com.jbk.test.OperatorPageTestCases.validatePersonNames(OperatorPageTestCases.java:114)
at java.base/jdk.internal.reflect.NativeMethodAccessorImpl.invoke0(Native Method)
at java.base/jdk.internal.reflect.NativeMethodAccessorImpl.invoke(NativeMethodAccessorImpl.java:64)
at java.base/jdk.internal.reflect.DelegatingMethodAccessorImpl.invoke(DelegatingMethodAccessorImpl.java:43)
at java.base/java.lang.reflect.Method.invoke(Method.java:564)
at org.testng.internal.MethodInvocationHelper.invokeMethod(MethodInvocationHelper.java:132)
at org.testng.internal.TestInvoker.invokeMethod(TestInvoker.java:599)
at org.testng.internal.TestInvoker.invokeTestMethod(TestInvoker.java:174)
at org.testng.internal.MethodRunner.runInSequence(MethodRunner.java:46)
at org.testng.internal.TestInvoker$MethodInvocationAgent.invoke(TestInvoker.java:822)
at org.testng.internal.TestInvoker.invokeTestMethods(TestInvoker.java:147)
at org.testng.internal.TestMethodWorker.invokeTestMethods(TestMethodWorker.java:146)
at org.testng.internal.TestMethodWorker.run(TestMethodWorker.java:128)
at java.base/java.util.ArrayList.forEach(ArrayList.java:1511)
at org.testng.TestRunner.privateRun(TestRunner.java:764)
at org.testng.TestRunner.run(TestRunner.java:585)
at org.testng.SuiteRunner.runTest(SuiteRunner.java:384)
at org.testng.SuiteRunner.runSequentially(SuiteRunner.java:378)
at org.testng.SuiteRunner.privateRun(SuiteRunner.java:337)
at org.testng.SuiteRunner.run(SuiteRunner.java:286)
at org.testng.SuiteRunnerWorker.runSuite(SuiteRunnerWorker.java:53)
at org.testng.SuiteRunnerWorker.run(SuiteRunnerWorker.java:96)
at org.testng.TestNG.runSuitesSequentially(TestNG.java:1218)
at org.testng.TestNG.runSuitesLocally(TestNG.java:1140)
at org.testng.TestNG.runSuites(TestNG.java:1069)
at org.testng.TestNG.run(TestNG.java:1037)
at org.testng.remote.AbstractRemoteTestNG.run(AbstractRemoteTestNG.java:115)
at org.testng.remote.RemoteTestNG.initAndRun(RemoteTestNG.java:251)
at org.testng.remote.RemoteTestNG.main(RemoteTestNG.java:77)
]]>
            </full-stacktrace>
          </exception> <!-- java.io.FileNotFoundException -->
          <reporter-output>
          </reporter-output>
        </test-method> <!-- validatePersonNames -->
        <test-method is-config="true" signature="closeBrowser()[pri:0, instance:com.jbk.test.OperatorPageTestCases@3514a4c0]" started-at="2020-11-13T13:22:47 IST" name="closeBrowser" finished-at="2020-11-13T13:22:47 IST" duration-ms="117" status="PASS">
          <reporter-output>
          </reporter-output>
        </test-method> <!-- closeBrowser -->
        <test-method is-config="true" signature="openBrowser()[pri:0, instance:com.jbk.test.OperatorPageTestCases@3514a4c0]" started-at="2020-11-13T13:22:47 IST" name="openBrowser" finished-at="2020-11-13T13:22:57 IST" duration-ms="9450" status="PASS">
          <reporter-output>
          </reporter-output>
        </test-method> <!-- openBrowser -->
        <test-method signature="validateTableSize()[pri:10, instance:com.jbk.test.OperatorPageTestCases@3514a4c0]" started-at="2020-11-13T13:22:57 IST" name="validateTableSize" finished-at="2020-11-13T13:22:57 IST" duration-ms="56" status="PASS">
          <reporter-output>
          </reporter-output>
        </test-method> <!-- validateTableSize -->
        <test-method is-config="true" signature="closeBrowser()[pri:0, instance:com.jbk.test.OperatorPageTestCases@3514a4c0]" started-at="2020-11-13T13:22:57 IST" name="closeBrowser" finished-at="2020-11-13T13:22:57 IST" duration-ms="169" status="PASS">
          <reporter-output>
          </reporter-output>
        </test-method> <!-- closeBrowser -->
      </class> <!-- com.jbk.test.OperatorPageTestCases -->
    </test> <!-- Default test -->
  </suite> <!-- Default suite -->
</testng-results>
